<?xml version="1.0" encoding="UTF-8"?>
<coverage generated="1782186934385" clover="3.2.0">
  <project timestamp="1782186934385" name="All files">
    <metrics statements="7" coveredstatements="7" conditionals="14" coveredconditionals="13" methods="4" coveredmethods="4" elements="25" coveredelements="24" complexity="0" loc="7" ncloc="7" packages="1" files="1" classes="1"/>
    <file name="StrategyHints.tsx" path="/Users/andrew/Documents/GitHub/ACOS/frontend/src/components/resume/StrategyHints.tsx">
      <metrics statements="7" coveredstatements="7" conditionals="14" coveredconditionals="13" methods="4" coveredmethods="4"/>
      <line num="20" count="12" type="cond" truecount="2" falsecount="0"/>
      <line num="21" count="10" type="stmt"/>
      <line num="26" count="24" type="stmt"/>
      <line num="39" count="6" type="stmt"/>
      <line num="40" count="6" type="cond" truecount="4" falsecount="0"/>
      <line num="42" count="4" type="stmt"/>
      <line num="52" count="1" type="stmt"/>
    </file>
  </project>
</coverage>
