{"/Users/andrew/Documents/GitHub/ACOS/frontend/src/components/resume/StrategyHints.tsx": {"path":"/Users/andrew/Documents/GitHub/ACOS/frontend/src/components/resume/StrategyHints.tsx","statementMap":{"0":{"start":{"line":20,"column":2},"end":{"line":20,"column":null}},"1":{"start":{"line":20,"column":26},"end":{"line":20,"column":null}},"2":{"start":{"line":21,"column":2},"end":{"line":34,"column":null}},"3":{"start":{"line":26,"column":10},"end":{"line":31,"column":null}},"4":{"start":{"line":39,"column":32},"end":{"line":39,"column":null}},"5":{"start":{"line":40,"column":2},"end":{"line":40,"column":null}},"6":{"start":{"line":40,"column":25},"end":{"line":40,"column":null}},"7":{"start":{"line":42,"column":2},"end":{"line":80,"column":null}},"8":{"start":{"line":52,"column":27},"end":{"line":52,"column":null}}},"fnMap":{"0":{"name":"Chips","decl":{"start":{"line":19,"column":9},"end":{"line":19,"column":15}},"loc":{"start":{"line":19,"column":69},"end":{"line":36,"column":null}},"line":19},"1":{"name":"(anonymous_1)","decl":{"start":{"line":25,"column":19},"end":{"line":25,"column":20}},"loc":{"start":{"line":26,"column":10},"end":{"line":31,"column":null}},"line":26},"2":{"name":"StrategyHints","decl":{"start":{"line":38,"column":16},"end":{"line":38,"column":30}},"loc":{"start":{"line":38,"column":79},"end":{"line":82,"column":null}},"line":38},"3":{"name":"(anonymous_3)","decl":{"start":{"line":52,"column":21},"end":{"line":52,"column":27}},"loc":{"start":{"line":52,"column":27},"end":{"line":52,"column":null}},"line":52}},"branchMap":{"0":{"loc":{"start":{"line":20,"column":2},"end":{"line":20,"column":null}},"type":"if","locations":[{"start":{"line":20,"column":2},"end":{"line":20,"column":null}},{"start":{},"end":{}}],"line":20},"1":{"loc":{"start":{"line":40,"column":2},"end":{"line":40,"column":null}},"type":"if","locations":[{"start":{"line":40,"column":2},"end":{"line":40,"column":null}},{"start":{},"end":{}}],"line":40},"2":{"loc":{"start":{"line":40,"column":6},"end":{"line":40,"column":25}},"type":"binary-expr","locations":[{"start":{"line":40,"column":6},"end":{"line":40,"column":14}},{"start":{"line":40,"column":14},"end":{"line":40,"column":25}}],"line":40},"3":{"loc":{"start":{"line":61,"column":7},"end":{"line":67,"column":null}},"type":"cond-expr","locations":[{"start":{"line":62,"column":8},"end":{"line":65,"column":null}},{"start":{"line":67,"column":8},"end":{"line":67,"column":null}}],"line":61},"4":{"loc":{"start":{"line":74,"column":7},"end":{"line":74,"column":null}},"type":"binary-expr","locations":[{"start":{"line":74,"column":7},"end":{"line":74,"column":20}},{"start":{"line":74,"column":20},"end":{"line":74,"column":null}}],"line":74},"5":{"loc":{"start":{"line":75,"column":7},"end":{"line":78,"column":null}},"type":"binary-expr","locations":[{"start":{"line":75,"column":7},"end":{"line":75,"column":null}},{"start":{"line":76,"column":8},"end":{"line":78,"column":null}}],"line":75},"6":{"loc":{"start":{"line":77,"column":64},"end":{"line":77,"column":101}},"type":"cond-expr","locations":[{"start":{"line":77,"column":92},"end":{"line":77,"column":97}},{"start":{"line":77,"column":97},"end":{"line":77,"column":101}}],"line":77}},"s":{"0":12,"1":2,"2":10,"3":24,"4":6,"5":6,"6":2,"7":4,"8":1},"f":{"0":12,"1":24,"2":6,"3":1},"b":{"0":[2,10],"1":[2,4],"2":[6,5],"3":[1,3],"4":[6,4],"5":[6,3],"6":[0,3]},"meta":{"lastBranch":7,"lastFunction":4,"lastStatement":9,"seen":{"f:19:9:19:15":0,"b:20:2:20:Infinity:undefined:undefined:undefined:undefined":0,"s:20:2:20:Infinity":0,"s:20:26:20:Infinity":1,"s:21:2:34:Infinity":2,"f:25:19:25:20":1,"s:26:10:31:Infinity":3,"f:38:16:38:30":2,"s:39:32:39:Infinity":4,"b:40:2:40:Infinity:undefined:undefined:undefined:undefined":1,"s:40:2:40:Infinity":5,"b:40:6:40:14:40:14:40:25":2,"s:40:25:40:Infinity":6,"s:42:2:80:Infinity":7,"f:52:21:52:27":3,"s:52:27:52:Infinity":8,"b:62:8:65:Infinity:67:8:67:Infinity":3,"b:74:7:74:20:74:20:74:Infinity":4,"b:75:7:75:Infinity:76:8:78:Infinity":5,"b:77:92:77:97:77:97:77:101":6},"fnNames":{}}}
}
